\BOOKMARK [1][-]{section.1}{\376\377\000D\000e\000s\000c\000r\000i\000p\000c\000i\000\363\000n\000\040\000d\000e\000l\000\040\000p\000r\000o\000b\000l\000e\000m\000a}{}% 1
\BOOKMARK [1][-]{section.2}{\376\377\000G\000e\000o\000m\000e\000t\000r\000\355\000a\000\040\000d\000e\000\040\000l\000a\000\040\000f\000i\000g\000u\000r\000a}{}% 2
\BOOKMARK [2][-]{subsection.2.1}{\376\377\000P\000e\000n\000t\000\341\000g\000o\000n\000o}{section.2}% 3
\BOOKMARK [2][-]{subsection.2.2}{\376\377\000P\000e\000n\000t\000\341\000g\000o\000n\000o\000\040\000c\000e\000n\000t\000r\000a\000l}{section.2}% 4
\BOOKMARK [2][-]{subsection.2.3}{\376\377\000U\000n\000i\000\363\000n\000\040\000d\000e\000\040\000v\000\351\000r\000t\000i\000c\000e\000s\000\040\000p\000e\000n\000t\000\341\000g\000o\000n\000o\000s\000\040\000e\000x\000t\000e\000r\000n\000o\000s\000\040\000y\000\040\000p\000e\000n\000t\000\341\000g\000o\000n\000o\000\040\000c\000e\000n\000t\000r\000a\000l}{section.2}% 5
\BOOKMARK [2][-]{subsection.2.4}{\376\377\000U\000n\000i\000\363\000n\000\040\000v\000\351\000r\000t\000i\000c\000e\000s\000\040\000y\000\040\000p\000u\000n\000t\000o\000s\000\040\000m\000e\000d\000i\000o\000s\000\040\000d\000e\000l\000\040\000p\000e\000n\000t\000\341\000g\000o\000n\000o\000\040\000c\000e\000n\000t\000r\000a\000l}{section.2}% 6
\BOOKMARK [2][-]{subsection.2.5}{\376\377\000E\000s\000t\000r\000e\000l\000l\000a\000\040\000d\000e\000\040\0005\000\040\000p\000u\000n\000t\000a\000s}{section.2}% 7
\BOOKMARK [2][-]{subsection.2.6}{\376\377\000U\000n\000i\000\363\000n\000\040\000m\000e\000d\000i\000a\000n\000a\000s\000\040\000d\000e\000l\000\040\000p\000e\000n\000t\000\341\000g\000o\000n\000o\000\040\000c\000e\000n\000t\000r\000a\000l\000\040\000y\000\040\000v\000\351\000r\000t\000i\000c\000e\000s\000\040\000d\000e\000\040\000l\000a\000\040\000e\000s\000t\000r\000e\000l\000l\000a}{section.2}% 8
\BOOKMARK [2][-]{subsection.2.7}{\376\377\000U\000n\000i\000\363\000n\000\040\000i\000n\000t\000e\000r\000s\000e\000c\000c\000i\000\363\000n\000\040\000d\000e\000\040\000m\000e\000d\000i\000a\000n\000a\000s\000\040\000d\000e\000l\000\040\000p\000e\000n\000t\000\341\000g\000o\000n\000o\000\040\000c\000e\000n\000t\000r\000a\000l\000\040\000y\000\040\000v\000\351\000r\000t\000i\000c\000e\000s\000\040\000d\000e\000\040\000l\000a\000\040\000e\000s\000t\000r\000e\000l\000l\000a}{section.2}% 9
\BOOKMARK [1][-]{section.3}{\376\377\000A\000l\000g\000o\000r\000i\000t\000m\000o\000s}{}% 10
\BOOKMARK [2][-]{subsection.3.1}{\376\377\000F\000u\000n\000c\000i\000\363\000n\000\040\000C\000o\000n\000v\000e\000r\000t\000D\000e\000g\000r\000e\000e\000T\000o\000R\000a\000d\000i\000a\000n\000s\000\050\000\051}{section.3}% 11
\BOOKMARK [2][-]{subsection.3.2}{\376\377\000F\000u\000n\000c\000i\000\363\000n\000\040\000L\000i\000n\000e\000I\000n\000t\000e\000r\000s\000e\000c\000t\000i\000o\000n\000\050\000\051}{section.3}% 12
\BOOKMARK [2][-]{subsection.3.3}{\376\377\000C\000o\000n\000s\000t\000r\000u\000c\000t\000o\000r\000\040\000P\000e\000n\000t\000a\000g\000o\000n\000\050\000\051}{section.3}% 13
\BOOKMARK [2][-]{subsection.3.4}{\376\377\000F\000u\000n\000c\000i\000\363\000n\000\040\000C\000o\000m\000p\000u\000t\000e\000S\000i\000d\000e\000\050\000\051}{section.3}% 14
\BOOKMARK [2][-]{subsection.3.5}{\376\377\000M\000\351\000t\000o\000d\000o\000\040\000C\000o\000m\000p\000u\000t\000e\000M\000e\000d\000i\000a\000n\000s\000\050\000\051}{section.3}% 15
\BOOKMARK [2][-]{subsection.3.6}{\376\377\000M\000\351\000t\000o\000d\000o\000\040\000C\000o\000m\000p\000u\000t\000e\000M\000e\000d\000i\000a\000n\000I\000n\000t\000e\000r\000s\000e\000c\000t\000i\000o\000n\000s\000\050\000\051}{section.3}% 16
\BOOKMARK [2][-]{subsection.3.7}{\376\377\000M\000\351\000t\000o\000d\000o\000\040\000P\000l\000o\000t\000\050\000\051\000\040\000d\000e\000\040\000l\000a\000\040\000c\000l\000a\000s\000e\000\040\000P\000e\000n\000t\000a\000g\000o\000n}{section.3}% 17
\BOOKMARK [2][-]{subsection.3.8}{\376\377\000M\000\351\000t\000o\000d\000o\000\040\000P\000l\000o\000t\000I\000n\000t\000e\000r\000n\000a\000l\000S\000t\000a\000r\000\050\000\051}{section.3}% 18
\BOOKMARK [2][-]{subsection.3.9}{\376\377\000M\000\351\000t\000o\000d\000o\000\040\000C\000o\000m\000p\000u\000t\000e\000C\000e\000n\000t\000e\000r\000e\000d\000P\000e\000n\000t\000a\000g\000o\000n\000\050\000\051}{section.3}% 19
\BOOKMARK [2][-]{subsection.3.10}{\376\377\000M\000\351\000t\000o\000d\000o\000\040\000C\000o\000m\000p\000u\000t\000e\000S\000t\000a\000r\000P\000e\000n\000t\000a\000g\000o\000n\000\050\000\051}{section.3}% 20
\BOOKMARK [2][-]{subsection.3.11}{\376\377\000M\000\351\000t\000o\000d\000o\000\040\000C\000o\000n\000n\000e\000c\000t\000P\000e\000n\000t\000a\000g\000o\000n\000s\000V\000e\000r\000t\000i\000c\000e\000s\000\050\000\051}{section.3}% 21
\BOOKMARK [2][-]{subsection.3.12}{\376\377\000M\000\351\000t\000o\000d\000o\000\040\000D\000r\000a\000w\000M\000e\000d\000i\000a\000n\000s\000\050\000\051}{section.3}% 22
\BOOKMARK [2][-]{subsection.3.13}{\376\377\000M\000\351\000t\000o\000d\000o\000\040\000C\000o\000n\000n\000e\000c\000t\000M\000e\000d\000i\000a\000n\000s\000A\000n\000d\000V\000e\000r\000t\000i\000c\000e\000s\000\050\000\051}{section.3}% 23
\BOOKMARK [2][-]{subsection.3.14}{\376\377\000M\000\351\000t\000o\000d\000o\000\040\000C\000o\000n\000n\000e\000c\000t\000M\000e\000d\000i\000a\000n\000I\000n\000t\000e\000r\000s\000e\000c\000t\000i\000o\000n\000s\000A\000n\000d\000P\000o\000i\000n\000t\000s\000\050\000\051}{section.3}% 24
\BOOKMARK [2][-]{subsection.3.15}{\376\377\000C\000o\000n\000s\000t\000r\000u\000c\000t\000o\000r\000\040\000S\000t\000a\000r\000P\000o\000l\000y\000g\000o\000n\000\050\000\051}{section.3}% 25
\BOOKMARK [2][-]{subsection.3.16}{\376\377\000M\000\351\000t\000o\000d\000o\000\040\000P\000l\000o\000t\000\050\000\051\000\040\000d\000e\000\040\000l\000a\000\040\000c\000l\000a\000s\000e\000\040\000S\000t\000a\000r\000P\000o\000l\000y\000g\000o\000n}{section.3}% 26
\BOOKMARK [2][-]{subsection.3.17}{\376\377\000M\000\351\000t\000o\000d\000o\000\040\000b\000u\000t\000t\000o\000n\000P\000l\000o\000t\000S\000h\000a\000p\000e\000C\000l\000i\000c\000k\000\050\000\051}{section.3}% 27
\BOOKMARK [1][-]{section.4}{\376\377\000C\000\363\000d\000i\000g\000o\000\040\000d\000e\000\040\000l\000a\000\040\000a\000p\000l\000i\000c\000a\000c\000i\000\363\000n}{}% 28
\BOOKMARK [2][-]{subsection.4.1}{\376\377\000C\000l\000a\000s\000e\000\040\000A\000n\000g\000l\000e}{section.4}% 29
\BOOKMARK [2][-]{subsection.4.2}{\376\377\000C\000l\000a\000s\000e\000\040\000S\000t\000r\000a\000i\000g\000h\000t\000L\000i\000n\000e}{section.4}% 30
\BOOKMARK [2][-]{subsection.4.3}{\376\377\000C\000l\000a\000s\000e\000\040\000P\000e\000n\000t\000a\000g\000o\000n}{section.4}% 31
\BOOKMARK [2][-]{subsection.4.4}{\376\377\000C\000l\000a\000s\000e\000\040\000S\000t\000a\000r\000P\000o\000l\000y\000g\000o\000n}{section.4}% 32
\BOOKMARK [2][-]{subsection.4.5}{\376\377\000C\000l\000a\000s\000e\000\040\000F\000o\000r\000m\0001}{section.4}% 33
\BOOKMARK [1][-]{section.5}{\376\377\000C\000o\000r\000r\000i\000d\000a\000\040\000d\000e\000l\000\040\000p\000r\000o\000g\000r\000a\000m\000a}{}% 34
