This is pdfTeX, Version 3.141592653-2.6-1.40.25 (MiKTeX 23.4) (preloaded format=pdflatex 2023.8.31)  3 JAN 2024 22:53
entering extended mode
 restricted \write18 enabled.
 file:line:error style messages enabled.
 %&-line parsing enabled.
**"d:/Documents/University/Nivel 5/Computacion Grafica/Primer parcial/Trabajos grupales/TrabajoGrafica/StarPentagon/doc/report/src/main.tex"
(d:/Documents/University/Nivel 5/Computacion Grafica/Primer parcial/Trabajos grupales/TrabajoGrafica/StarPentagon/doc/report/src/main.tex
LaTeX2e <2022-11-01> patch level 1
L3 programming layer <2023-03-30> (C:\Users\alexa\AppData\Local\Programs\MiKTeX\tex/latex/base\article.cls
Document Class: article 2022/07/02 v1.4n Standard LaTeX document class
(C:\Users\alexa\AppData\Local\Programs\MiKTeX\tex/latex/base\size10.clo
File: size10.clo 2022/07/02 v1.4n Standard LaTeX file (size option)
)
\c@part=\count185
\c@section=\count186
\c@subsection=\count187
\c@subsubsection=\count188
\c@paragraph=\count189
\c@subparagraph=\count190
\c@figure=\count191
\c@table=\count192
\abovecaptionskip=\skip48
\belowcaptionskip=\skip49
\bibindent=\dimen140
) (C:\Users\alexa\AppData\Local\Programs\MiKTeX\tex/latex/geometry\geometry.sty
Package: geometry 2020/01/02 v5.9 Page Geometry
 (C:\Users\alexa\AppData\Local\Programs\MiKTeX\tex/latex/graphics\keyval.sty
Package: keyval 2022/05/29 v1.15 key=value parser (DPC)
\KV@toks@=\toks16
) (C:\Users\alexa\AppData\Local\Programs\MiKTeX\tex/generic/iftex\ifvtex.sty
Package: ifvtex 2019/10/25 v1.7 ifvtex legacy package. Use iftex instead.
 (C:\Users\alexa\AppData\Local\Programs\MiKTeX\tex/generic/iftex\iftex.sty
Package: iftex 2022/02/03 v1.0f TeX engine tests
))
\Gm@cnth=\count193
\Gm@cntv=\count194
\c@Gm@tempcnt=\count195
\Gm@bindingoffset=\dimen141
\Gm@wd@mp=\dimen142
\Gm@odd@mp=\dimen143
\Gm@even@mp=\dimen144
\Gm@layoutwidth=\dimen145
\Gm@layoutheight=\dimen146
\Gm@layouthoffset=\dimen147
\Gm@layoutvoffset=\dimen148
\Gm@dimlist=\toks17
 (C:\Users\alexa\AppData\Local\Programs\MiKTeX\tex/latex/geometry\geometry.cfg)) (C:\Users\alexa\AppData\Local\Programs\MiKTeX\tex/latex/base\inputenc.sty
Package: inputenc 2021/02/14 v1.3d Input encoding file
\inpenc@prehook=\toks18
\inpenc@posthook=\toks19
) (C:\Users\alexa\AppData\Local\Programs\MiKTeX\tex/generic/babel\babel.sty
Package: babel 2023/07/15 v3.92 The Babel package
\babel@savecnt=\count196
\U@D=\dimen149
\l@unhyphenated=\language79
 (C:\Users\alexa\AppData\Local\Programs\MiKTeX\tex/generic/babel\txtbabel.def)
\bbl@readstream=\read2
\bbl@dirlevel=\count197

*************************************
* Local config file bblopts.cfg used
*
(C:\Users\alexa\AppData\Local\Programs\MiKTeX\tex/latex/arabi\bblopts.cfg
File: bblopts.cfg 2005/09/08 v0.1 add Arabic and Farsi to "declared" options of babel
) (C:\Users\alexa\AppData\Local\Programs\MiKTeX\tex/latex/babel-spanish\spanish.ldf
Language: spanish.ldf 2021/05/27 v5.0q Spanish support from the babel system
\es@quottoks=\toks20
\es@quotdepth=\count198
Package babel Info: Making " an active character on input line 570.
Package babel Info: Making . an active character on input line 675.
Package babel Info: Making < an active character on input line 722.
Package babel Info: Making > an active character on input line 722.
)) (C:\Users\alexa\AppData\Local\Programs\MiKTeX\tex/generic/babel/locale/es\babel-spanish.tex
Package babel Info: Importing font and identification data for spanish
(babel)             from babel-es.ini. Reported on input line 11.
) (C:\Users\alexa\AppData\Local\Programs\MiKTeX\tex/latex/csquotes\csquotes.sty
Package: csquotes 2022-09-14 v5.2n context-sensitive quotations (JAW)
 (C:\Users\alexa\AppData\Local\Programs\MiKTeX\tex/latex/etoolbox\etoolbox.sty
Package: etoolbox 2020/10/05 v2.5k e-TeX tools for LaTeX (JAW)
\etb@tempcnta=\count199
)
\csq@reset=\count266
\csq@gtype=\count267
\csq@glevel=\count268
\csq@qlevel=\count269
\csq@maxlvl=\count270
\csq@tshold=\count271
\csq@ltx@everypar=\toks21
 (C:\Users\alexa\AppData\Local\Programs\MiKTeX\tex/latex/csquotes\csquotes.def
File: csquotes.def 2022-09-14 v5.2n csquotes generic definitions (JAW)
)
Package csquotes Info: Trying to load configuration file 'csquotes.cfg'...
Package csquotes Info: ... configuration file loaded successfully.
 (C:\Users\alexa\AppData\Local\Programs\MiKTeX\tex/latex/csquotes\csquotes.cfg
File: csquotes.cfg 
)) (C:\Users\alexa\AppData\Local\Programs\MiKTeX\tex/latex/float\float.sty
Package: float 2001/11/08 v1.3d Float enhancements (AL)
\c@float@type=\count272
\float@exts=\toks22
\float@box=\box51
\@float@everytoks=\toks23
\@floatcapt=\box52
) (C:\Users\alexa\AppData\Local\Programs\MiKTeX\tex/latex/hyperref\hyperref.sty
Package: hyperref 2023-02-07 v7.00v Hypertext links for LaTeX
 (C:\Users\alexa\AppData\Local\Programs\MiKTeX\tex/generic/ltxcmds\ltxcmds.sty
Package: ltxcmds 2020-05-10 v1.25 LaTeX kernel commands for general use (HO)
) (C:\Users\alexa\AppData\Local\Programs\MiKTeX\tex/generic/pdftexcmds\pdftexcmds.sty
Package: pdftexcmds 2020-06-27 v0.33 Utility functions of pdfTeX for LuaTeX (HO)
 (C:\Users\alexa\AppData\Local\Programs\MiKTeX\tex/generic/infwarerr\infwarerr.sty
Package: infwarerr 2019/12/03 v1.5 Providing info/warning/error messages (HO)
)
Package pdftexcmds Info: \pdf@primitive is available.
Package pdftexcmds Info: \pdf@ifprimitive is available.
Package pdftexcmds Info: \pdfdraftmode found.
) (C:\Users\alexa\AppData\Local\Programs\MiKTeX\tex/latex/kvsetkeys\kvsetkeys.sty
Package: kvsetkeys 2022-10-05 v1.19 Key value parser (HO)
) (C:\Users\alexa\AppData\Local\Programs\MiKTeX\tex/generic/kvdefinekeys\kvdefinekeys.sty
Package: kvdefinekeys 2019-12-19 v1.6 Define keys (HO)
) (C:\Users\alexa\AppData\Local\Programs\MiKTeX\tex/generic/pdfescape\pdfescape.sty
Package: pdfescape 2019/12/09 v1.15 Implements pdfTeX's escape features (HO)
) (C:\Users\alexa\AppData\Local\Programs\MiKTeX\tex/latex/hycolor\hycolor.sty
Package: hycolor 2020-01-27 v1.10 Color options for hyperref/bookmark (HO)
) (C:\Users\alexa\AppData\Local\Programs\MiKTeX\tex/latex/letltxmacro\letltxmacro.sty
Package: letltxmacro 2019/12/03 v1.6 Let assignment for LaTeX macros (HO)
) (C:\Users\alexa\AppData\Local\Programs\MiKTeX\tex/latex/auxhook\auxhook.sty
Package: auxhook 2019-12-17 v1.6 Hooks for auxiliary files (HO)
) (C:\Users\alexa\AppData\Local\Programs\MiKTeX\tex/latex/hyperref\nameref.sty
Package: nameref 2022-05-17 v2.50 Cross-referencing by name of section
 (C:\Users\alexa\AppData\Local\Programs\MiKTeX\tex/latex/refcount\refcount.sty
Package: refcount 2019/12/15 v3.6 Data extraction from label references (HO)
) (C:\Users\alexa\AppData\Local\Programs\MiKTeX\tex/generic/gettitlestring\gettitlestring.sty
Package: gettitlestring 2019/12/15 v1.6 Cleanup title references (HO)
 (C:\Users\alexa\AppData\Local\Programs\MiKTeX\tex/latex/kvoptions\kvoptions.sty
Package: kvoptions 2022-06-15 v3.15 Key value format for package options (HO)
))
\c@section@level=\count273
)
\@linkdim=\dimen150
\Hy@linkcounter=\count274
\Hy@pagecounter=\count275
 (C:\Users\alexa\AppData\Local\Programs\MiKTeX\tex/latex/hyperref\pd1enc.def
File: pd1enc.def 2023-02-07 v7.00v Hyperref: PDFDocEncoding definition (HO)
Now handling font encoding PD1 ...
... no UTF-8 mapping file for font encoding PD1
) (C:\Users\alexa\AppData\Local\Programs\MiKTeX\tex/generic/intcalc\intcalc.sty
Package: intcalc 2019/12/15 v1.3 Expandable calculations with integers (HO)
) (C:\Users\alexa\AppData\Local\Programs\MiKTeX\tex/generic/etexcmds\etexcmds.sty
Package: etexcmds 2019/12/15 v1.7 Avoid name clashes with e-TeX commands (HO)
)
\Hy@SavedSpaceFactor=\count276
 (C:\Users\alexa\AppData\Local\Programs\MiKTeX\tex/latex/hyperref\puenc.def
File: puenc.def 2023-02-07 v7.00v Hyperref: PDF Unicode definition (HO)
Now handling font encoding PU ...
... no UTF-8 mapping file for font encoding PU
)
Package hyperref Info: Hyper figures OFF on input line 4177.
Package hyperref Info: Link nesting OFF on input line 4182.
Package hyperref Info: Hyper index ON on input line 4185.
Package hyperref Info: Plain pages OFF on input line 4192.
Package hyperref Info: Backreferencing OFF on input line 4197.
Package hyperref Info: Implicit mode ON; LaTeX internals redefined.
Package hyperref Info: Bookmarks ON on input line 4425.
\c@Hy@tempcnt=\count277
 (C:\Users\alexa\AppData\Local\Programs\MiKTeX\tex/latex/url\url.sty
\Urlmuskip=\muskip16
Package: url 2013/09/16  ver 3.4  Verb mode for urls, etc.
)
LaTeX Info: Redefining \url on input line 4763.
\XeTeXLinkMargin=\dimen151
 (C:\Users\alexa\AppData\Local\Programs\MiKTeX\tex/generic/bitset\bitset.sty
Package: bitset 2019/12/09 v1.3 Handle bit-vector datatype (HO)
 (C:\Users\alexa\AppData\Local\Programs\MiKTeX\tex/generic/bigintcalc\bigintcalc.sty
Package: bigintcalc 2019/12/15 v1.5 Expandable calculations on big integers (HO)
))
\Fld@menulength=\count278
\Field@Width=\dimen152
\Fld@charsize=\dimen153
Package hyperref Info: Hyper figures OFF on input line 6042.
Package hyperref Info: Link nesting OFF on input line 6047.
Package hyperref Info: Hyper index ON on input line 6050.
Package hyperref Info: backreferencing OFF on input line 6057.
Package hyperref Info: Link coloring OFF on input line 6062.
Package hyperref Info: Link coloring with OCG OFF on input line 6067.
Package hyperref Info: PDF/A mode OFF on input line 6072.
 (C:\Users\alexa\AppData\Local\Programs\MiKTeX\tex/latex/base\atbegshi-ltx.sty
Package: atbegshi-ltx 2021/01/10 v1.0c Emulation of the original atbegshi
package with kernel methods
)
\Hy@abspage=\count279
\c@Item=\count280
\c@Hfootnote=\count281
)
Package hyperref Info: Driver (autodetected): hpdftex.
 (C:\Users\alexa\AppData\Local\Programs\MiKTeX\tex/latex/hyperref\hpdftex.def
File: hpdftex.def 2023-02-07 v7.00v Hyperref driver for pdfTeX
 (C:\Users\alexa\AppData\Local\Programs\MiKTeX\tex/latex/base\atveryend-ltx.sty
Package: atveryend-ltx 2020/08/19 v1.0a Emulation of the original atveryend package
with kernel methods
)
\Fld@listcount=\count282
\c@bookmark@seq@number=\count283
 (C:\Users\alexa\AppData\Local\Programs\MiKTeX\tex/latex/rerunfilecheck\rerunfilecheck.sty
Package: rerunfilecheck 2022-07-10 v1.10 Rerun checks for auxiliary files (HO)
 (C:\Users\alexa\AppData\Local\Programs\MiKTeX\tex/generic/uniquecounter\uniquecounter.sty
Package: uniquecounter 2019/12/15 v1.4 Provide unlimited unique counter (HO)
)
Package uniquecounter Info: New unique counter `rerunfilecheck' on input line 285.
)
\Hy@SectionHShift=\skip50
) (C:\Users\alexa\AppData\Local\Programs\MiKTeX\tex/latex/tools\tabularx.sty
Package: tabularx 2020/01/15 v2.11c `tabularx' package (DPC)
 (C:\Users\alexa\AppData\Local\Programs\MiKTeX\tex/latex/tools\array.sty
Package: array 2022/09/04 v2.5g Tabular extension package (FMi)
\col@sep=\dimen154
\ar@mcellbox=\box53
\extrarowheight=\dimen155
\NC@list=\toks24
\extratabsurround=\skip51
\backup@length=\skip52
\ar@cellbox=\box54
)
\TX@col@width=\dimen156
\TX@old@table=\dimen157
\TX@old@col=\dimen158
\TX@target=\dimen159
\TX@delta=\dimen160
\TX@cols=\count284
\TX@ftn=\toks25
) (C:\Users\alexa\AppData\Local\Programs\MiKTeX\tex/latex/graphics\graphicx.sty
Package: graphicx 2021/09/16 v1.2d Enhanced LaTeX Graphics (DPC,SPQR)
 (C:\Users\alexa\AppData\Local\Programs\MiKTeX\tex/latex/graphics\graphics.sty
Package: graphics 2022/03/10 v1.4e Standard LaTeX Graphics (DPC,SPQR)
 (C:\Users\alexa\AppData\Local\Programs\MiKTeX\tex/latex/graphics\trig.sty
Package: trig 2021/08/11 v1.11 sin cos tan (DPC)
) (C:\Users\alexa\AppData\Local\Programs\MiKTeX\tex/latex/graphics-cfg\graphics.cfg
File: graphics.cfg 2016/06/04 v1.11 sample graphics configuration
)
Package graphics Info: Driver file: pdftex.def on input line 107.
 (C:\Users\alexa\AppData\Local\Programs\MiKTeX\tex/latex/graphics-def\pdftex.def
File: pdftex.def 2022/09/22 v1.2b Graphics/color driver for pdftex
))
\Gin@req@height=\dimen161
\Gin@req@width=\dimen162
) (C:\Users\alexa\AppData\Local\Programs\MiKTeX\tex/latex/fancyhdr\fancyhdr.sty
Package: fancyhdr 2022/11/09 v4.1 Extensive control of page headers and footers
\f@nch@headwidth=\skip53
\f@nch@O@elh=\skip54
\f@nch@O@erh=\skip55
\f@nch@O@olh=\skip56
\f@nch@O@orh=\skip57
\f@nch@O@elf=\skip58
\f@nch@O@erf=\skip59
\f@nch@O@olf=\skip60
\f@nch@O@orf=\skip61
) (C:\Users\alexa\AppData\Local\Programs\MiKTeX\tex/latex/amsmath\amsmath.sty
Package: amsmath 2023/05/13 v2.17o AMS math features
\@mathmargin=\skip62

For additional information on amsmath, use the `?' option.
(C:\Users\alexa\AppData\Local\Programs\MiKTeX\tex/latex/amsmath\amstext.sty
Package: amstext 2021/08/26 v2.01 AMS text
 (C:\Users\alexa\AppData\Local\Programs\MiKTeX\tex/latex/amsmath\amsgen.sty
File: amsgen.sty 1999/11/30 v2.0 generic functions
\@emptytoks=\toks26
\ex@=\dimen163
)) (C:\Users\alexa\AppData\Local\Programs\MiKTeX\tex/latex/amsmath\amsbsy.sty
Package: amsbsy 1999/11/29 v1.2d Bold Symbols
\pmbraise@=\dimen164
) (C:\Users\alexa\AppData\Local\Programs\MiKTeX\tex/latex/amsmath\amsopn.sty
Package: amsopn 2022/04/08 v2.04 operator names
)
\inf@bad=\count285
LaTeX Info: Redefining \frac on input line 234.
\uproot@=\count286
\leftroot@=\count287
LaTeX Info: Redefining \overline on input line 399.
LaTeX Info: Redefining \colon on input line 410.
\classnum@=\count288
\DOTSCASE@=\count289
LaTeX Info: Redefining \ldots on input line 496.
LaTeX Info: Redefining \dots on input line 499.
LaTeX Info: Redefining \cdots on input line 620.
\Mathstrutbox@=\box55
\strutbox@=\box56
LaTeX Info: Redefining \big on input line 722.
LaTeX Info: Redefining \Big on input line 723.
LaTeX Info: Redefining \bigg on input line 724.
LaTeX Info: Redefining \Bigg on input line 725.
\big@size=\dimen165
LaTeX Font Info:    Redeclaring font encoding OML on input line 743.
LaTeX Font Info:    Redeclaring font encoding OMS on input line 744.
\macc@depth=\count290
LaTeX Info: Redefining \bmod on input line 905.
LaTeX Info: Redefining \pmod on input line 910.
LaTeX Info: Redefining \smash on input line 940.
LaTeX Info: Redefining \relbar on input line 970.
LaTeX Info: Redefining \Relbar on input line 971.
\c@MaxMatrixCols=\count291
\dotsspace@=\muskip17
\c@parentequation=\count292
\dspbrk@lvl=\count293
\tag@help=\toks27
\row@=\count294
\column@=\count295
\maxfields@=\count296
\andhelp@=\toks28
\eqnshift@=\dimen166
\alignsep@=\dimen167
\tagshift@=\dimen168
\tagwidth@=\dimen169
\totwidth@=\dimen170
\lineht@=\dimen171
\@envbody=\toks29
\multlinegap=\skip63
\multlinetaggap=\skip64
\mathdisplay@stack=\toks30
LaTeX Info: Redefining \[ on input line 2953.
LaTeX Info: Redefining \] on input line 2954.
) (C:\Users\alexa\AppData\Local\Programs\MiKTeX\tex/latex/amsfonts\amssymb.sty
Package: amssymb 2013/01/14 v3.01 AMS font symbols
 (C:\Users\alexa\AppData\Local\Programs\MiKTeX\tex/latex/amsfonts\amsfonts.sty
Package: amsfonts 2013/01/14 v3.01 Basic AMSFonts support
\symAMSa=\mathgroup4
\symAMSb=\mathgroup5
LaTeX Font Info:    Redeclaring math symbol \hbar on input line 98.
LaTeX Font Info:    Overwriting math alphabet `\mathfrak' in version `bold'
(Font)                  U/euf/m/n --> U/euf/b/n on input line 106.
)) (C:\Users\alexa\AppData\Local\Programs\MiKTeX\tex/latex/tools\multicol.sty
Package: multicol 2021/11/30 v1.9d multicolumn formatting (FMi)
\c@tracingmulticols=\count297
\mult@box=\box57
\multicol@leftmargin=\dimen172
\c@unbalance=\count298
\c@collectmore=\count299
\doublecol@number=\count300
\multicoltolerance=\count301
\multicolpretolerance=\count302
\full@width=\dimen173
\page@free=\dimen174
\premulticols=\dimen175
\postmulticols=\dimen176
\multicolsep=\skip65
\multicolbaselineskip=\skip66
\partial@page=\box58
\last@line=\box59
\maxbalancingoverflow=\dimen177
\mult@rightbox=\box60
\mult@grightbox=\box61
\mult@firstbox=\box62
\mult@gfirstbox=\box63
\@tempa=\box64
\@tempa=\box65
\@tempa=\box66
\@tempa=\box67
\@tempa=\box68
\@tempa=\box69
\@tempa=\box70
\@tempa=\box71
\@tempa=\box72
\@tempa=\box73
\@tempa=\box74
\@tempa=\box75
\@tempa=\box76
\@tempa=\box77
\@tempa=\box78
\@tempa=\box79
\@tempa=\box80
\@tempa=\box81
\@tempa=\box82
\@tempa=\box83
\@tempa=\box84
\@tempa=\box85
\@tempa=\box86
\@tempa=\box87
\@tempa=\box88
\@tempa=\box89
\@tempa=\box90
\@tempa=\box91
\@tempa=\box92
\@tempa=\box93
\@tempa=\box94
\@tempa=\box95
\@tempa=\box96
\@tempa=\box97
\@tempa=\box98
\@tempa=\box99
\c@minrows=\count303
\c@columnbadness=\count304
\c@finalcolumnbadness=\count305
\last@try=\dimen178
\multicolovershoot=\dimen179
\multicolundershoot=\dimen180
\mult@nat@firstbox=\box100
\colbreak@box=\box101
\mc@col@check@num=\count306
)
Package csquotes Info: Checking for multilingual support...
Package csquotes Info: ... found 'babel' package.
Package csquotes Info: Adjusting default style.
Package csquotes Info: Redefining alias 'default' -> 'spanish'.
 (C:\Users\alexa\AppData\Local\Programs\MiKTeX\tex/latex/l3backend\l3backend-pdftex.def
File: l3backend-pdftex.def 2023-03-30 L3 backend support: PDF output (pdfTeX)
\l__color_backend_stack_int=\count307
\l__pdf_internal_box=\box102
) (d:/Documents\University\Nivel 5\Computacion Grafica\Primer parcial\Trabajos grupales\TrabajoGrafica\StarPentagon\doc\report\build\main.aux
LaTeX Info: Redefining \. on input line 22.
LaTeX Info: Redefining \% on input line 22.
)
\openout1 = `main.aux'.

LaTeX Font Info:    Checking defaults for OML/cmm/m/it on input line 47.
LaTeX Font Info:    ... okay on input line 47.
LaTeX Font Info:    Checking defaults for OMS/cmsy/m/n on input line 47.
LaTeX Font Info:    ... okay on input line 47.
LaTeX Font Info:    Checking defaults for OT1/cmr/m/n on input line 47.
LaTeX Font Info:    ... okay on input line 47.
LaTeX Font Info:    Checking defaults for T1/cmr/m/n on input line 47.
LaTeX Font Info:    ... okay on input line 47.
LaTeX Font Info:    Checking defaults for TS1/cmr/m/n on input line 47.
LaTeX Font Info:    ... okay on input line 47.
LaTeX Font Info:    Checking defaults for OMX/cmex/m/n on input line 47.
LaTeX Font Info:    ... okay on input line 47.
LaTeX Font Info:    Checking defaults for U/cmr/m/n on input line 47.
LaTeX Font Info:    ... okay on input line 47.
LaTeX Font Info:    Checking defaults for PD1/pdf/m/n on input line 47.
LaTeX Font Info:    ... okay on input line 47.
LaTeX Font Info:    Checking defaults for PU/pdf/m/n on input line 47.
LaTeX Font Info:    ... okay on input line 47.

*geometry* driver: auto-detecting
*geometry* detected driver: pdftex
*geometry* verbose mode - [ preamble ] result:
* driver: pdftex
* paper: a4paper
* layout: <same size as paper>
* layoutoffset:(h,v)=(0.0pt,0.0pt)
* modes: 
* h-part:(L,W,R)=(71.13188pt, 455.24411pt, 71.13188pt)
* v-part:(T,H,B)=(71.13188pt, 702.78308pt, 71.13188pt)
* \paperwidth=597.50787pt
* \paperheight=845.04684pt
* \textwidth=455.24411pt
* \textheight=702.78308pt
* \oddsidemargin=-1.1381pt
* \evensidemargin=-1.1381pt
* \topmargin=-38.1381pt
* \headheight=50.0pt
* \headsep=25.0pt
* \topskip=10.0pt
* \footskip=30.0pt
* \marginparwidth=57.0pt
* \marginparsep=11.0pt
* \columnsep=10.0pt
* \skip\footins=9.0pt plus 4.0pt minus 2.0pt
* \hoffset=0.0pt
* \voffset=0.0pt
* \mag=1000
* \@twocolumnfalse
* \@twosidefalse
* \@mparswitchfalse
* \@reversemarginfalse
* (1in=72.27pt=25.4mm, 1cm=28.453pt)

LaTeX Info: Redefining \. on input line 47.
LaTeX Info: Redefining \% on input line 47.
Package hyperref Info: Link coloring OFF on input line 47.
(d:/Documents\University\Nivel 5\Computacion Grafica\Primer parcial\Trabajos grupales\TrabajoGrafica\StarPentagon\doc\report\build\main.out) (d:/Documents\University\Nivel 5\Computacion Grafica\Primer parcial\Trabajos grupales\TrabajoGrafica\StarPentagon\doc\report\build\main.out)
\@outlinefile=\write3
\openout3 = `main.out'.

 (C:\Users\alexa\AppData\Local\Programs\MiKTeX\tex/context/base/mkii\supp-pdf.mkii
[Loading MPS to PDF converter (version 2006.09.02).]
\scratchcounter=\count308
\scratchdimen=\dimen181
\scratchbox=\box103
\nofMPsegments=\count309
\nofMParguments=\count310
\everyMPshowfont=\toks31
\MPscratchCnt=\count311
\MPscratchDim=\dimen182
\MPnumerator=\count312
\makeMPintoPDFobject=\count313
\everyMPtoPDFconversion=\toks32
) (C:\Users\alexa\AppData\Local\Programs\MiKTeX\tex/latex/epstopdf-pkg\epstopdf-base.sty
Package: epstopdf-base 2020-01-24 v2.11 Base part for package epstopdf
Package epstopdf-base Info: Redefining graphics rule for `.eps' on input line 485.
 (C:\Users\alexa\AppData\Local\Programs\MiKTeX\tex/latex/00miktex\epstopdf-sys.cfg
File: epstopdf-sys.cfg 2021/03/18 v2.0 Configuration of epstopdf for MiKTeX
))
<./../img//espe.png, id=139, 803.0pt x 301.125pt>
File: ./../img//espe.png Graphic file (type png)
<use ./../img//espe.png>
Package pdftex.def Info: ./../img//espe.png  used on input line 52.
(pdftex.def)             Requested size: 240.90186pt x 90.33818pt.
LaTeX Font Info:    Trying to load font information for U+msa on input line 52.
 (C:\Users\alexa\AppData\Local\Programs\MiKTeX\tex/latex/amsfonts\umsa.fd
File: umsa.fd 2013/01/14 v3.01 AMS symbols A
)
LaTeX Font Info:    Trying to load font information for U+msb on input line 52.
 (C:\Users\alexa\AppData\Local\Programs\MiKTeX\tex/latex/amsfonts\umsb.fd
File: umsb.fd 2013/01/14 v3.01 AMS symbols B
) [1

{C:/Users/alexa/AppData/Local/MiKTeX/fonts/map/pdftex/pdftex.map} <./../img//espe.png>]
<./../img//star_pentagon.png, id=153, 393.72093pt x 377.91188pt>
File: ./../img//star_pentagon.png Graphic file (type png)
<use ./../img//star_pentagon.png>
Package pdftex.def Info: ./../img//star_pentagon.png  used on input line 59.
(pdftex.def)             Requested size: 196.85999pt x 188.95547pt.
<./../img//pentagon.png, id=155, 458.46281pt x 457.71pt>
File: ./../img//pentagon.png Graphic file (type png)
<use ./../img//pentagon.png>
Package pdftex.def Info: ./../img//pentagon.png  used on input line 70.
(pdftex.def)             Requested size: 229.23083pt x 228.85445pt.
File: ./../img//espe.png Graphic file (type png)
<use ./../img//espe.png>
Package pdftex.def Info: ./../img//espe.png  used on input line 76.
(pdftex.def)             Requested size: 120.4448pt x 45.1668pt.
<./../img//ciencias_de_computacion.jpg, id=156, 903.375pt x 903.375pt>
File: ./../img//ciencias_de_computacion.jpg Graphic file (type jpg)
<use ./../img//ciencias_de_computacion.jpg>
Package pdftex.def Info: ./../img//ciencias_de_computacion.jpg  used on input line 76.
(pdftex.def)             Requested size: 45.17139pt x 45.17139pt.

pdfTeX warning (ext4): destination with the same identifier (name{page.1}) has been already used, duplicate ignored
<to be read again> 
                   \relax 
l.76 
      [1 <./../img//ciencias_de_computacion.jpg> <./../img//star_pentagon.png> <./../img//pentagon.png>]
<./../img//internal_triangle.png, id=166, 185.19188pt x 165.61874pt>
File: ./../img//internal_triangle.png Graphic file (type png)
<use ./../img//internal_triangle.png>
Package pdftex.def Info: ./../img//internal_triangle.png  used on input line 79.
(pdftex.def)             Requested size: 92.5957pt x 82.80916pt.
File: ./../img//espe.png Graphic file (type png)
<use ./../img//espe.png>
Package pdftex.def Info: ./../img//espe.png  used on input line 134.
(pdftex.def)             Requested size: 120.4448pt x 45.1668pt.
File: ./../img//ciencias_de_computacion.jpg Graphic file (type jpg)
<use ./../img//ciencias_de_computacion.jpg>
Package pdftex.def Info: ./../img//ciencias_de_computacion.jpg  used on input line 134.
(pdftex.def)             Requested size: 45.17139pt x 45.17139pt.
 [2 <./../img//internal_triangle.png>]
<./../img//vertical_pentagon.png, id=194, 510.40688pt x 502.12593pt>
File: ./../img//vertical_pentagon.png Graphic file (type png)
<use ./../img//vertical_pentagon.png>
Package pdftex.def Info: ./../img//vertical_pentagon.png  used on input line 170.
(pdftex.def)             Requested size: 255.2028pt x 251.06235pt.
File: ./../img//espe.png Graphic file (type png)
<use ./../img//espe.png>
Package pdftex.def Info: ./../img//espe.png  used on input line 174.
(pdftex.def)             Requested size: 120.4448pt x 45.1668pt.
File: ./../img//ciencias_de_computacion.jpg Graphic file (type jpg)
<use ./../img//ciencias_de_computacion.jpg>
Package pdftex.def Info: ./../img//ciencias_de_computacion.jpg  used on input line 174.
(pdftex.def)             Requested size: 45.17139pt x 45.17139pt.
 [3]
<./../img//pentagon_tilted_left.png, id=206, 482.55281pt x 479.54156pt>
File: ./../img//pentagon_tilted_left.png Graphic file (type png)
<use ./../img//pentagon_tilted_left.png>
Package pdftex.def Info: ./../img//pentagon_tilted_left.png  used on input line 187.
(pdftex.def)             Requested size: 241.2758pt x 239.77019pt.
File: ./../img//espe.png Graphic file (type png)
<use ./../img//espe.png>
Package pdftex.def Info: ./../img//espe.png  used on input line 198.
(pdftex.def)             Requested size: 120.4448pt x 45.1668pt.
File: ./../img//ciencias_de_computacion.jpg Graphic file (type jpg)
<use ./../img//ciencias_de_computacion.jpg>
Package pdftex.def Info: ./../img//ciencias_de_computacion.jpg  used on input line 198.
(pdftex.def)             Requested size: 45.17139pt x 45.17139pt.
 [4 <./../img//vertical_pentagon.png> <./../img//pentagon_tilted_left.png>]
<./../img//center_pentagon.png, id=223, 547.2947pt x 516.42938pt>
File: ./../img//center_pentagon.png Graphic file (type png)
<use ./../img//center_pentagon.png>
Package pdftex.def Info: ./../img//center_pentagon.png  used on input line 229.
(pdftex.def)             Requested size: 273.64667pt x 258.21405pt.
File: ./../img//espe.png Graphic file (type png)
<use ./../img//espe.png>
Package pdftex.def Info: ./../img//espe.png  used on input line 239.
(pdftex.def)             Requested size: 120.4448pt x 45.1668pt.
File: ./../img//ciencias_de_computacion.jpg Graphic file (type jpg)
<use ./../img//ciencias_de_computacion.jpg>
Package pdftex.def Info: ./../img//ciencias_de_computacion.jpg  used on input line 239.
(pdftex.def)             Requested size: 45.17139pt x 45.17139pt.
 [5 <./../img//center_pentagon.png>]
<./../img//union_external_to_internal_pentagons.png, id=240, 542.025pt x 516.42938pt>
File: ./../img//union_external_to_internal_pentagons.png Graphic file (type png)
<use ./../img//union_external_to_internal_pentagons.png>
Package pdftex.def Info: ./../img//union_external_to_internal_pentagons.png  used on input line 267.
(pdftex.def)             Requested size: 271.01183pt x 258.21405pt.
File: ./../img//espe.png Graphic file (type png)
<use ./../img//espe.png>
Package pdftex.def Info: ./../img//espe.png  used on input line 295.
(pdftex.def)             Requested size: 120.4448pt x 45.1668pt.
File: ./../img//ciencias_de_computacion.jpg Graphic file (type jpg)
<use ./../img//ciencias_de_computacion.jpg>
Package pdftex.def Info: ./../img//ciencias_de_computacion.jpg  used on input line 295.
(pdftex.def)             Requested size: 45.17139pt x 45.17139pt.
 [6 <./../img//union_external_to_internal_pentagons.png>]
<./../img//vertex_to_median_connection.png, id=255, 510.40688pt x 504.38437pt>
File: ./../img//vertex_to_median_connection.png Graphic file (type png)
<use ./../img//vertex_to_median_connection.png>
Package pdftex.def Info: ./../img//vertex_to_median_connection.png  used on input line 301.
(pdftex.def)             Requested size: 255.2028pt x 252.19156pt.
File: ./../img//espe.png Graphic file (type png)
<use ./../img//espe.png>
Package pdftex.def Info: ./../img//espe.png  used on input line 349.
(pdftex.def)             Requested size: 120.4448pt x 45.1668pt.
File: ./../img//ciencias_de_computacion.jpg Graphic file (type jpg)
<use ./../img//ciencias_de_computacion.jpg>
Package pdftex.def Info: ./../img//ciencias_de_computacion.jpg  used on input line 349.
(pdftex.def)             Requested size: 45.17139pt x 45.17139pt.
 [7 <./../img//vertex_to_median_connection.png>]
<./../img//five_pointed_star.png, id=269, 442.65375pt x 440.39531pt>
File: ./../img//five_pointed_star.png Graphic file (type png)
<use ./../img//five_pointed_star.png>
Package pdftex.def Info: ./../img//five_pointed_star.png  used on input line 352.
(pdftex.def)             Requested size: 221.32632pt x 220.19711pt.
<./../img//five_pointed_star_translated.png, id=272, 439.6425pt x 514.17094pt>
File: ./../img//five_pointed_star_translated.png Graphic file (type png)
<use ./../img//five_pointed_star_translated.png>
Package pdftex.def Info: ./../img//five_pointed_star_translated.png  used on input line 375.
(pdftex.def)             Requested size: 219.82071pt x 257.08484pt.
File: ./../img//espe.png Graphic file (type png)
<use ./../img//espe.png>
Package pdftex.def Info: ./../img//espe.png  used on input line 379.
(pdftex.def)             Requested size: 120.4448pt x 45.1668pt.
File: ./../img//ciencias_de_computacion.jpg Graphic file (type jpg)
<use ./../img//ciencias_de_computacion.jpg>
Package pdftex.def Info: ./../img//ciencias_de_computacion.jpg  used on input line 379.
(pdftex.def)             Requested size: 45.17139pt x 45.17139pt.
 [8 <./../img//five_pointed_star.png>]
<./../img//five_pointed_star_center.png, id=283, 491.58656pt x 489.32813pt>
File: ./../img//five_pointed_star_center.png Graphic file (type png)
<use ./../img//five_pointed_star_center.png>
Package pdftex.def Info: ./../img//five_pointed_star_center.png  used on input line 403.
(pdftex.def)             Requested size: 245.79268pt x 244.66345pt.
File: ./../img//espe.png Graphic file (type png)
<use ./../img//espe.png>
Package pdftex.def Info: ./../img//espe.png  used on input line 407.
(pdftex.def)             Requested size: 120.4448pt x 45.1668pt.
File: ./../img//ciencias_de_computacion.jpg Graphic file (type jpg)
<use ./../img//ciencias_de_computacion.jpg>
Package pdftex.def Info: ./../img//ciencias_de_computacion.jpg  used on input line 407.
(pdftex.def)             Requested size: 45.17139pt x 45.17139pt.
 [9 <./../img//five_pointed_star_translated.png>]
<./../img//star_union_to_median.png, id=295, 507.39563pt x 503.63156pt>
File: ./../img//star_union_to_median.png Graphic file (type png)
<use ./../img//star_union_to_median.png>
Package pdftex.def Info: ./../img//star_union_to_median.png  used on input line 420.
(pdftex.def)             Requested size: 253.69719pt x 251.81516pt.
File: ./../img//espe.png Graphic file (type png)
<use ./../img//espe.png>
Package pdftex.def Info: ./../img//espe.png  used on input line 427.
(pdftex.def)             Requested size: 120.4448pt x 45.1668pt.
File: ./../img//ciencias_de_computacion.jpg Graphic file (type jpg)
<use ./../img//ciencias_de_computacion.jpg>
Package pdftex.def Info: ./../img//ciencias_de_computacion.jpg  used on input line 427.
(pdftex.def)             Requested size: 45.17139pt x 45.17139pt.
 [10 <./../img//five_pointed_star_center.png> <./../img//star_union_to_median.png>]
<./../img//star_union_to_median_intersections.png, id=305, 505.13719pt x 504.38437pt>
File: ./../img//star_union_to_median_intersections.png Graphic file (type png)
<use ./../img//star_union_to_median_intersections.png>
Package pdftex.def Info: ./../img//star_union_to_median_intersections.png  used on input line 454.
(pdftex.def)             Requested size: 252.56798pt x 252.19156pt.
File: ./../img//espe.png Graphic file (type png)
<use ./../img//espe.png>
Package pdftex.def Info: ./../img//espe.png  used on input line 498.
(pdftex.def)             Requested size: 120.4448pt x 45.1668pt.
File: ./../img//ciencias_de_computacion.jpg Graphic file (type jpg)
<use ./../img//ciencias_de_computacion.jpg>
Package pdftex.def Info: ./../img//ciencias_de_computacion.jpg  used on input line 498.
(pdftex.def)             Requested size: 45.17139pt x 45.17139pt.
 [11 <./../img//star_union_to_median_intersections.png>]
File: ./../img//espe.png Graphic file (type png)
<use ./../img//espe.png>
Package pdftex.def Info: ./../img//espe.png  used on input line 563.
(pdftex.def)             Requested size: 120.4448pt x 45.1668pt.
File: ./../img//ciencias_de_computacion.jpg Graphic file (type jpg)
<use ./../img//ciencias_de_computacion.jpg>
Package pdftex.def Info: ./../img//ciencias_de_computacion.jpg  used on input line 563.
(pdftex.def)             Requested size: 45.17139pt x 45.17139pt.
 [12]
File: ./../img//espe.png Graphic file (type png)
<use ./../img//espe.png>
Package pdftex.def Info: ./../img//espe.png  used on input line 615.
(pdftex.def)             Requested size: 120.4448pt x 45.1668pt.
File: ./../img//ciencias_de_computacion.jpg Graphic file (type jpg)
<use ./../img//ciencias_de_computacion.jpg>
Package pdftex.def Info: ./../img//ciencias_de_computacion.jpg  used on input line 615.
(pdftex.def)             Requested size: 45.17139pt x 45.17139pt.
 [13]
<./../img//angle_class.png, id=389, 997.7275pt x 208.78pt>
File: ./../img//angle_class.png Graphic file (type png)
<use ./../img//angle_class.png>
Package pdftex.def Info: ./../img//angle_class.png  used on input line 661.
(pdftex.def)             Requested size: 455.24411pt x 95.26263pt.
File: ./../img//espe.png Graphic file (type png)
<use ./../img//espe.png>
Package pdftex.def Info: ./../img//espe.png  used on input line 665.
(pdftex.def)             Requested size: 120.4448pt x 45.1668pt.
File: ./../img//ciencias_de_computacion.jpg Graphic file (type jpg)
<use ./../img//ciencias_de_computacion.jpg>
Package pdftex.def Info: ./../img//ciencias_de_computacion.jpg  used on input line 665.
(pdftex.def)             Requested size: 45.17139pt x 45.17139pt.
 [14]
<./../img//straight_line_class.png, id=417, 1359.0775pt x 552.0625pt>
File: ./../img//straight_line_class.png Graphic file (type png)
<use ./../img//straight_line_class.png>
Package pdftex.def Info: ./../img//straight_line_class.png  used on input line 670.
(pdftex.def)             Requested size: 455.24411pt x 184.91891pt.
<./../img//pentagon_constructor.png, id=418, 2055.68pt x 489.83pt>
File: ./../img//pentagon_constructor.png Graphic file (type png)
<use ./../img//pentagon_constructor.png>
Package pdftex.def Info: ./../img//pentagon_constructor.png  used on input line 679.
(pdftex.def)             Requested size: 455.24411pt x 108.47298pt.
<./../img//compute_side.png, id=419, 1274.7625pt x 178.6675pt>
File: ./../img//compute_side.png Graphic file (type png)
<use ./../img//compute_side.png>
Package pdftex.def Info: ./../img//compute_side.png  used on input line 686.
(pdftex.def)             Requested size: 455.24411pt x 63.80498pt.
<./../img//compute_medians.png, id=420, 1174.3875pt x 427.5975pt>
File: ./../img//compute_medians.png Graphic file (type png)
<use ./../img//compute_medians.png>
Package pdftex.def Info: ./../img//compute_medians.png  used on input line 693.
(pdftex.def)             Requested size: 455.24411pt x 165.75104pt.
File: ./../img//espe.png Graphic file (type png)
<use ./../img//espe.png>
Package pdftex.def Info: ./../img//espe.png  used on input line 697.
(pdftex.def)             Requested size: 120.4448pt x 45.1668pt.
File: ./../img//ciencias_de_computacion.jpg Graphic file (type jpg)
<use ./../img//ciencias_de_computacion.jpg>
Package pdftex.def Info: ./../img//ciencias_de_computacion.jpg  used on input line 697.
(pdftex.def)             Requested size: 45.17139pt x 45.17139pt.
 [15 <./../img//angle_class.png> <./../img//straight_line_class.png> <./../img//pentagon_constructor.png> <./../img//compute_side.png>]
<./../img//compute_median_intersections.png, id=433, 1102.1175pt x 427.5975pt>
File: ./../img//compute_median_intersections.png Graphic file (type png)
<use ./../img//compute_median_intersections.png>
Package pdftex.def Info: ./../img//compute_median_intersections.png  used on input line 700.
(pdftex.def)             Requested size: 455.24411pt x 176.62755pt.
<./../img//plot_pentagon.png, id=434, 851.18pt x 333.245pt>
File: ./../img//plot_pentagon.png Graphic file (type png)
<use ./../img//plot_pentagon.png>
Package pdftex.def Info: ./../img//plot_pentagon.png  used on input line 707.
(pdftex.def)             Requested size: 455.24411pt x 178.236pt.
<./../img//plot_internal_star.png, id=435, 911.405pt x 427.5975pt>
File: ./../img//plot_internal_star.png Graphic file (type png)
<use ./../img//plot_internal_star.png>
Package pdftex.def Info: ./../img//plot_internal_star.png  used on input line 714.
(pdftex.def)             Requested size: 455.24411pt x 213.58943pt.
File: ./../img//espe.png Graphic file (type png)
<use ./../img//espe.png>
Package pdftex.def Info: ./../img//espe.png  used on input line 718.
(pdftex.def)             Requested size: 120.4448pt x 45.1668pt.
File: ./../img//ciencias_de_computacion.jpg Graphic file (type jpg)
<use ./../img//ciencias_de_computacion.jpg>
Package pdftex.def Info: ./../img//ciencias_de_computacion.jpg  used on input line 718.
(pdftex.def)             Requested size: 45.17139pt x 45.17139pt.
 [16 <./../img//compute_medians.png> <./../img//compute_median_intersections.png> <./../img//plot_pentagon.png>]
<./../img//compute_centered_pentagon.png, id=446, 1084.05pt x 457.71pt>
File: ./../img//compute_centered_pentagon.png Graphic file (type png)
<use ./../img//compute_centered_pentagon.png>
Package pdftex.def Info: ./../img//compute_centered_pentagon.png  used on input line 723.
(pdftex.def)             Requested size: 455.24411pt x 192.21594pt.
<./../img//compute_star_pentagon.png, id=447, 1049.9225pt x 674.52pt>
File: ./../img//compute_star_pentagon.png Graphic file (type png)
<use ./../img//compute_star_pentagon.png>
Package pdftex.def Info: ./../img//compute_star_pentagon.png  used on input line 730.
(pdftex.def)             Requested size: 455.24411pt x 292.46693pt.
File: ./../img//espe.png Graphic file (type png)
<use ./../img//espe.png>
Package pdftex.def Info: ./../img//espe.png  used on input line 734.
(pdftex.def)             Requested size: 120.4448pt x 45.1668pt.
File: ./../img//ciencias_de_computacion.jpg Graphic file (type jpg)
<use ./../img//ciencias_de_computacion.jpg>
Package pdftex.def Info: ./../img//ciencias_de_computacion.jpg  used on input line 734.
(pdftex.def)             Requested size: 45.17139pt x 45.17139pt.
 [17 <./../img//plot_internal_star.png> <./../img//compute_centered_pentagon.png>]
<./../img//connect_pentagons_vertices.png, id=456, 1049.9225pt x 489.83pt>
File: ./../img//connect_pentagons_vertices.png Graphic file (type png)
<use ./../img//connect_pentagons_vertices.png>
Package pdftex.def Info: ./../img//connect_pentagons_vertices.png  used on input line 737.
(pdftex.def)             Requested size: 455.24411pt x 212.3867pt.
<./../img//draw_medians.png, id=457, 1049.9225pt x 457.71pt>
File: ./../img//draw_medians.png Graphic file (type png)
<use ./../img//draw_medians.png>
Package pdftex.def Info: ./../img//draw_medians.png  used on input line 744.
(pdftex.def)             Requested size: 455.24411pt x 198.4597pt.
File: ./../img//espe.png Graphic file (type png)
<use ./../img//espe.png>
Package pdftex.def Info: ./../img//espe.png  used on input line 748.
(pdftex.def)             Requested size: 120.4448pt x 45.1668pt.
File: ./../img//ciencias_de_computacion.jpg Graphic file (type jpg)
<use ./../img//ciencias_de_computacion.jpg>
Package pdftex.def Info: ./../img//ciencias_de_computacion.jpg  used on input line 748.
(pdftex.def)             Requested size: 45.17139pt x 45.17139pt.
 [18 <./../img//compute_star_pentagon.png> <./../img//connect_pentagons_vertices.png>]
<./../img//connect_medians_and_vertices.png, id=467, 1049.9225pt x 427.5975pt>
File: ./../img//connect_medians_and_vertices.png Graphic file (type png)
<use ./../img//connect_medians_and_vertices.png>
Package pdftex.def Info: ./../img//connect_medians_and_vertices.png  used on input line 751.
(pdftex.def)             Requested size: 455.24411pt x 185.40314pt.
<./../img//connect_median_intersections_and_points.png, id=468, 957.5775pt x 519.9425pt>
File: ./../img//connect_median_intersections_and_points.png Graphic file (type png)
<use ./../img//connect_median_intersections_and_points.png>
Package pdftex.def Info: ./../img//connect_median_intersections_and_points.png  used on input line 758.
(pdftex.def)             Requested size: 455.24411pt x 247.18947pt.
File: ./../img//espe.png Graphic file (type png)
<use ./../img//espe.png>
Package pdftex.def Info: ./../img//espe.png  used on input line 762.
(pdftex.def)             Requested size: 120.4448pt x 45.1668pt.
File: ./../img//ciencias_de_computacion.jpg Graphic file (type jpg)
<use ./../img//ciencias_de_computacion.jpg>
Package pdftex.def Info: ./../img//ciencias_de_computacion.jpg  used on input line 762.
(pdftex.def)             Requested size: 45.17139pt x 45.17139pt.
 [19 <./../img//draw_medians.png> <./../img//connect_medians_and_vertices.png>]
<./../img//star_polygon_constructor.png, id=477, 903.375pt x 489.83pt>
File: ./../img//star_polygon_constructor.png Graphic file (type png)
<use ./../img//star_polygon_constructor.png>
Package pdftex.def Info: ./../img//star_polygon_constructor.png  used on input line 765.
(pdftex.def)             Requested size: 455.24411pt x 246.8502pt.
<./../img//plot_star_polygon.png, id=478, 939.51pt x 365.365pt>
File: ./../img//plot_star_polygon.png Graphic file (type png)
<use ./../img//plot_star_polygon.png>
Package pdftex.def Info: ./../img//plot_star_polygon.png  used on input line 772.
(pdftex.def)             Requested size: 455.24411pt x 177.04013pt.
File: ./../img//espe.png Graphic file (type png)
<use ./../img//espe.png>
Package pdftex.def Info: ./../img//espe.png  used on input line 776.
(pdftex.def)             Requested size: 120.4448pt x 45.1668pt.
File: ./../img//ciencias_de_computacion.jpg Graphic file (type jpg)
<use ./../img//ciencias_de_computacion.jpg>
Package pdftex.def Info: ./../img//ciencias_de_computacion.jpg  used on input line 776.
(pdftex.def)             Requested size: 45.17139pt x 45.17139pt.
 [20 <./../img//connect_median_intersections_and_points.png> <./../img//star_polygon_constructor.png>]
<./../img//button_plot_shape.png, id=487, 1328.965pt x 519.9425pt>
File: ./../img//button_plot_shape.png Graphic file (type png)
<use ./../img//button_plot_shape.png>
Package pdftex.def Info: ./../img//button_plot_shape.png  used on input line 781.
(pdftex.def)             Requested size: 455.24411pt x 178.11096pt.
<./../img//program_execution.png, id=488, 599.99156pt x 356.83313pt>
File: ./../img//program_execution.png Graphic file (type png)
<use ./../img//program_execution.png>
Package pdftex.def Info: ./../img//program_execution.png  used on input line 790.
(pdftex.def)             Requested size: 299.99504pt x 178.41612pt.
File: ./../img//espe.png Graphic file (type png)
<use ./../img//espe.png>
Package pdftex.def Info: ./../img//espe.png  used on input line 795.
(pdftex.def)             Requested size: 120.4448pt x 45.1668pt.
File: ./../img//ciencias_de_computacion.jpg Graphic file (type jpg)
<use ./../img//ciencias_de_computacion.jpg>
Package pdftex.def Info: ./../img//ciencias_de_computacion.jpg  used on input line 795.
(pdftex.def)             Requested size: 45.17139pt x 45.17139pt.
 [21 <./../img//plot_star_polygon.png> <./../img//button_plot_shape.png> <./../img//program_execution.png>] (d:/Documents\University\Nivel 5\Computacion Grafica\Primer parcial\Trabajos grupales\TrabajoGrafica\StarPentagon\doc\report\build\main.aux
LaTeX Info: Redefining \. on input line 22.
LaTeX Info: Redefining \% on input line 22.
)
Package rerunfilecheck Info: File `main.out' has not changed.
(rerunfilecheck)             Checksum: 2A2FAFC3DAF88D47EAF6BCD16EABAE48;7167.
 ) 
Here is how much of TeX's memory you used:
 13310 strings out of 476331
 218219 string characters out of 5787765
 1867660 words of memory out of 5000000
 33350 multiletter control sequences out of 15000+600000
 520547 words of font info for 64 fonts, out of 8000000 for 9000
 1141 hyphenation exceptions out of 8191
 75i,19n,76p,927b,591s stack positions out of 10000i,1000n,20000p,200000b,200000s
<C:/Users/alexa/AppData/Local/Programs/MiKTeX/fonts/type1/public/amsfonts/cm/cmbx12.pfb><C:/Users/alexa/AppData/Local/Programs/MiKTeX/fonts/type1/public/amsfonts/cm/cmbxti10.pfb><C:/Users/alexa/AppData/Local/Programs/MiKTeX/fonts/type1/public/amsfonts/cm/cmex10.pfb><C:/Users/alexa/AppData/Local/Programs/MiKTeX/fonts/type1/public/amsfonts/cm/cmmi10.pfb><C:/Users/alexa/AppData/Local/Programs/MiKTeX/fonts/type1/public/amsfonts/cm/cmmi7.pfb><C:/Users/alexa/AppData/Local/Programs/MiKTeX/fonts/type1/public/amsfonts/cm/cmr10.pfb><C:/Users/alexa/AppData/Local/Programs/MiKTeX/fonts/type1/public/amsfonts/cm/cmr12.pfb><C:/Users/alexa/AppData/Local/Programs/MiKTeX/fonts/type1/public/amsfonts/cm/cmr7.pfb><C:/Users/alexa/AppData/Local/Programs/MiKTeX/fonts/type1/public/amsfonts/cm/cmsy10.pfb><C:/Users/alexa/AppData/Local/Programs/MiKTeX/fonts/type1/public/amsfonts/cm/cmsy7.pfb><C:/Users/alexa/AppData/Local/Programs/MiKTeX/fonts/type1/public/amsfonts/cm/cmti10.pfb><C:/Users/alexa/AppData/Local/Programs/MiKTeX/fonts/type1/public/amsfonts/symbols/msam10.pfb><C:/Users/alexa/AppData/Local/Programs/MiKTeX/fonts/type1/public/amsfonts/symbols/msbm10.pfb>
Output written on "d:/Documents\University\Nivel 5\Computacion Grafica\Primer parcial\Trabajos grupales\TrabajoGrafica\StarPentagon\doc\report\build\main.pdf" (22 pages, 2075866 bytes).
PDF statistics:
 596 PDF objects out of 1000 (max. 8388607)
 189 named destinations out of 1000 (max. 500000)
 450 words of extra memory for PDF output out of 10000 (max. 10000000)

